{"contracts\\CoinFlip.sol":{"l":{"64":1,"65":1,"66":1,"67":1,"68":1,"80":9,"81":8,"82":7,"84":6,"85":6,"87":6,"89":5,"90":5,"91":5,"92":5,"94":5,"95":5,"97":5,"98":5,"99":5,"101":5,"108":3,"109":3,"110":2,"112":1,"113":1,"115":1,"116":1,"118":1,"125":2,"126":1,"127":1,"135":2,"139":10,"148":5,"162":2,"163":2,"165":2,"166":2,"176":2,"177":2,"178":2,"180":2,"182":2,"183":1,"184":1,"185":1,"186":1,"189":2,"190":2,"191":2,"193":2,"195":2,"196":2,"204":3,"206":2,"207":2,"208":2,"209":2,"211":2},"path":"C:\\Users\\Rushabh\\CoinFlip_2.0\\blockchain\\contracts\\CoinFlip.sol","s":{"1":1,"2":9,"3":8,"4":7,"5":6,"6":6,"7":6,"8":5,"9":5,"10":3,"11":3,"12":2,"13":1,"14":1,"15":1,"16":1,"17":2,"18":1,"19":2,"20":10,"21":5,"22":2,"23":2,"24":2,"25":2,"26":2,"27":2,"28":2,"29":2,"30":2,"31":2,"32":3,"33":2,"34":2,"35":2,"36":2},"b":{"1":[0,1],"2":[9,0],"3":[1,8],"4":[1,7],"5":[1,6],"6":[1,5],"7":[3,0],"8":[1,2],"9":[1,1],"10":[0,1],"11":[1,1],"12":[1,1],"13":[3,1],"14":[1,2],"15":[0,2]},"f":{"1":1,"2":9,"3":3,"4":2,"5":2,"6":10,"7":5,"8":2,"9":2,"10":3},"fnMap":{"1":{"name":"constructor","line":63,"loc":{"start":{"line":59,"column":4},"end":{"line":69,"column":4}}},"2":{"name":"bet","line":79,"loc":{"start":{"line":79,"column":4},"end":{"line":102,"column":4}}},"3":{"name":"withdrawPlayerBalance","line":107,"loc":{"start":{"line":107,"column":4},"end":{"line":119,"column":4}}},"4":{"name":"deposit","line":124,"loc":{"start":{"line":124,"column":4},"end":{"line":128,"column":4}}},"5":{"name":"getPlayerBalance","line":134,"loc":{"start":{"line":134,"column":4},"end":{"line":136,"column":4}}},"6":{"name":"getContractBalance","line":138,"loc":{"start":{"line":138,"column":4},"end":{"line":140,"column":4}}},"7":{"name":"requestRandomWords","line":147,"loc":{"start":{"line":147,"column":4},"end":{"line":159,"column":4}}},"8":{"name":"fulfillRandomWords","line":161,"loc":{"start":{"line":161,"column":4},"end":{"line":167,"column":4}}},"9":{"name":"checkResult","line":175,"loc":{"start":{"line":175,"column":4},"end":{"line":197,"column":4}}},"10":{"name":"withdrawContractBalance","line":203,"loc":{"start":{"line":203,"column":4},"end":{"line":212,"column":4}}}},"statementMap":{"1":{"start":{"line":64,"column":8},"end":{"line":64,"column":70}},"2":{"start":{"line":80,"column":8},"end":{"line":80,"column":69}},"3":{"start":{"line":81,"column":8},"end":{"line":81,"column":81}},"4":{"start":{"line":82,"column":8},"end":{"line":82,"column":83}},"5":{"start":{"line":84,"column":8},"end":{"line":84,"column":35}},"6":{"start":{"line":85,"column":8},"end":{"line":85,"column":65}},"7":{"start":{"line":87,"column":8},"end":{"line":87,"column":68}},"8":{"start":{"line":97,"column":8},"end":{"line":97,"column":48}},"9":{"start":{"line":101,"column":8},"end":{"line":101,"column":44}},"10":{"start":{"line":108,"column":8},"end":{"line":108,"column":35}},"11":{"start":{"line":109,"column":8},"end":{"line":109,"column":78}},"12":{"start":{"line":110,"column":8},"end":{"line":110,"column":87}},"13":{"start":{"line":112,"column":8},"end":{"line":112,"column":57}},"14":{"start":{"line":115,"column":8},"end":{"line":115,"column":68}},"15":{"start":{"line":116,"column":8},"end":{"line":116,"column":55}},"16":{"start":{"line":118,"column":8},"end":{"line":118,"column":39}},"17":{"start":{"line":125,"column":8},"end":{"line":125,"column":64}},"18":{"start":{"line":127,"column":8},"end":{"line":127,"column":70}},"19":{"start":{"line":135,"column":8},"end":{"line":135,"column":51}},"20":{"start":{"line":139,"column":8},"end":{"line":139,"column":30}},"21":{"start":{"line":148,"column":8},"end":{"line":148,"column":5424}},"22":{"start":{"line":162,"column":8},"end":{"line":162,"column":50}},"23":{"start":{"line":165,"column":8},"end":{"line":165,"column":44}},"24":{"start":{"line":166,"column":8},"end":{"line":166,"column":60}},"25":{"start":{"line":176,"column":8},"end":{"line":176,"column":56}},"26":{"start":{"line":177,"column":8},"end":{"line":177,"column":24}},"27":{"start":{"line":178,"column":8},"end":{"line":178,"column":29}},"28":{"start":{"line":180,"column":8},"end":{"line":180,"column":65}},"29":{"start":{"line":182,"column":8},"end":{"line":182,"column":6870}},"30":{"start":{"line":193,"column":8},"end":{"line":193,"column":46}},"31":{"start":{"line":196,"column":8},"end":{"line":196,"column":18}},"32":{"start":{"line":204,"column":8},"end":{"line":204,"column":70}},"33":{"start":{"line":206,"column":8},"end":{"line":206,"column":50}},"34":{"start":{"line":208,"column":8},"end":{"line":208,"column":73}},"35":{"start":{"line":209,"column":8},"end":{"line":209,"column":55}},"36":{"start":{"line":211,"column":8},"end":{"line":211,"column":58}}},"branchMap":{"1":{"line":64,"type":"if","locations":[{"start":{"line":64,"column":8},"end":{"line":64,"column":8}},{"start":{"line":64,"column":8},"end":{"line":64,"column":8}}]},"2":{"line":79,"type":"if","locations":[{"start":{"line":79,"column":52},"end":{"line":79,"column":52}},{"start":{"line":79,"column":52},"end":{"line":79,"column":52}}]},"3":{"line":80,"type":"if","locations":[{"start":{"line":80,"column":8},"end":{"line":80,"column":8}},{"start":{"line":80,"column":8},"end":{"line":80,"column":8}}]},"4":{"line":81,"type":"if","locations":[{"start":{"line":81,"column":8},"end":{"line":81,"column":8}},{"start":{"line":81,"column":8},"end":{"line":81,"column":8}}]},"5":{"line":82,"type":"if","locations":[{"start":{"line":82,"column":8},"end":{"line":82,"column":8}},{"start":{"line":82,"column":8},"end":{"line":82,"column":8}}]},"6":{"line":87,"type":"if","locations":[{"start":{"line":87,"column":8},"end":{"line":87,"column":8}},{"start":{"line":87,"column":8},"end":{"line":87,"column":8}}]},"7":{"line":107,"type":"if","locations":[{"start":{"line":107,"column":44},"end":{"line":107,"column":44}},{"start":{"line":107,"column":44},"end":{"line":107,"column":44}}]},"8":{"line":109,"type":"if","locations":[{"start":{"line":109,"column":8},"end":{"line":109,"column":8}},{"start":{"line":109,"column":8},"end":{"line":109,"column":8}}]},"9":{"line":110,"type":"if","locations":[{"start":{"line":110,"column":8},"end":{"line":110,"column":8}},{"start":{"line":110,"column":8},"end":{"line":110,"column":8}}]},"10":{"line":116,"type":"if","locations":[{"start":{"line":116,"column":8},"end":{"line":116,"column":8}},{"start":{"line":116,"column":8},"end":{"line":116,"column":8}}]},"11":{"line":125,"type":"if","locations":[{"start":{"line":125,"column":8},"end":{"line":125,"column":8}},{"start":{"line":125,"column":8},"end":{"line":125,"column":8}}]},"12":{"line":182,"type":"if","locations":[{"start":{"line":182,"column":8},"end":{"line":182,"column":8}},{"start":{"line":182,"column":8},"end":{"line":182,"column":8}}]},"13":{"line":203,"type":"if","locations":[{"start":{"line":203,"column":46},"end":{"line":203,"column":46}},{"start":{"line":203,"column":46},"end":{"line":203,"column":46}}]},"14":{"line":204,"type":"if","locations":[{"start":{"line":204,"column":8},"end":{"line":204,"column":8}},{"start":{"line":204,"column":8},"end":{"line":204,"column":8}}]},"15":{"line":209,"type":"if","locations":[{"start":{"line":209,"column":8},"end":{"line":209,"column":8}},{"start":{"line":209,"column":8},"end":{"line":209,"column":8}}]}}},"contracts\\Errors.sol":{"l":{},"path":"C:\\Users\\Rushabh\\CoinFlip_2.0\\blockchain\\contracts\\Errors.sol","s":{},"b":{},"f":{},"fnMap":{},"statementMap":{},"branchMap":{}},"contracts\\mocks\\CoinFlipHelper.sol":{"l":{"14":2},"path":"C:\\Users\\Rushabh\\CoinFlip_2.0\\blockchain\\contracts\\mocks\\CoinFlipHelper.sol","s":{"1":2},"b":{},"f":{"1":1,"2":2},"fnMap":{"1":{"name":"constructor","line":11,"loc":{"start":{"line":7,"column":4},"end":{"line":11,"column":68}}},"2":{"name":"testFulfillRandomWords","line":13,"loc":{"start":{"line":13,"column":4},"end":{"line":15,"column":4}}}},"statementMap":{"1":{"start":{"line":14,"column":8},"end":{"line":14,"column":49}}},"branchMap":{}},"contracts\\mocks\\VRFCoordinatorMock.sol":{"l":{"35":5,"36":5,"38":5,"45":5,"47":5,"54":5,"65":5,"70":2,"71":2,"73":2,"76":2,"78":2,"85":5},"path":"C:\\Users\\Rushabh\\CoinFlip_2.0\\blockchain\\contracts\\mocks\\VRFCoordinatorMock.sol","s":{"1":5,"2":5,"3":5,"4":5,"5":5,"6":2,"7":2,"8":2,"9":2,"10":5},"b":{"1":[0,2]},"f":{"1":5,"2":2,"3":5},"fnMap":{"1":{"name":"requestRandomWords","line":34,"loc":{"start":{"line":34,"column":4},"end":{"line":66,"column":4}}},"2":{"name":"fulfillRandomWords","line":68,"loc":{"start":{"line":68,"column":4},"end":{"line":79,"column":4}}},"3":{"name":"_fromBytes","line":84,"loc":{"start":{"line":84,"column":4},"end":{"line":86,"column":4}}}},"statementMap":{"1":{"start":{"line":35,"column":8},"end":{"line":35,"column":44}},"2":{"start":{"line":36,"column":8},"end":{"line":36,"column":40}},"3":{"start":{"line":45,"column":8},"end":{"line":45,"column":94}},"4":{"start":{"line":54,"column":8},"end":{"line":54,"column":1648}},"5":{"start":{"line":65,"column":8},"end":{"line":65,"column":24}},"6":{"start":{"line":70,"column":8},"end":{"line":70,"column":55}},"7":{"start":{"line":73,"column":8},"end":{"line":73,"column":2204}},"8":{"start":{"line":76,"column":8},"end":{"line":76,"column":75}},"9":{"start":{"line":78,"column":8},"end":{"line":78,"column":54}},"10":{"start":{"line":85,"column":8},"end":{"line":85,"column":71}}},"branchMap":{"1":{"line":76,"type":"if","locations":[{"start":{"line":76,"column":8},"end":{"line":76,"column":8}},{"start":{"line":76,"column":8},"end":{"line":76,"column":8}}]}}}}