TN:
SF:C:\Users\Rushabh\CoinFlip_2.0\blockchain\contracts\CoinFlip.sol
FN:63,constructor
FN:79,bet
FN:107,withdrawPlayerBalance
FN:124,deposit
FN:134,getPlayerBalance
FN:138,getContractBalance
FN:147,requestRandomWords
FN:161,fulfillRandomWords
FN:175,checkResult
FN:203,withdrawContractBalance
FNF:10
FNH:10
FNDA:1,constructor
FNDA:9,bet
FNDA:3,withdrawPlayerBalance
FNDA:2,deposit
FNDA:2,getPlayerBalance
FNDA:10,getContractBalance
FNDA:5,requestRandomWords
FNDA:2,fulfillRandomWords
FNDA:2,checkResult
FNDA:3,withdrawContractBalance
DA:64,1
DA:65,1
DA:66,1
DA:67,1
DA:68,1
DA:80,9
DA:81,8
DA:82,7
DA:84,6
DA:85,6
DA:87,6
DA:89,5
DA:90,5
DA:91,5
DA:92,5
DA:94,5
DA:95,5
DA:97,5
DA:98,5
DA:99,5
DA:101,5
DA:108,3
DA:109,3
DA:110,2
DA:112,1
DA:113,1
DA:115,1
DA:116,1
DA:118,1
DA:125,2
DA:126,1
DA:127,1
DA:135,2
DA:139,10
DA:148,5
DA:162,2
DA:163,2
DA:165,2
DA:166,2
DA:176,2
DA:177,2
DA:178,2
DA:180,2
DA:182,2
DA:183,1
DA:184,1
DA:185,1
DA:186,1
DA:189,2
DA:190,2
DA:191,2
DA:193,2
DA:195,2
DA:196,2
DA:204,3
DA:206,2
DA:207,2
DA:208,2
DA:209,2
DA:211,2
LF:60
LH:60
BRDA:64,1,0,0
BRDA:64,1,1,1
BRDA:79,2,0,9
BRDA:79,2,1,0
BRDA:80,3,0,1
BRDA:80,3,1,8
BRDA:81,4,0,1
BRDA:81,4,1,7
BRDA:82,5,0,1
BRDA:82,5,1,6
BRDA:87,6,0,1
BRDA:87,6,1,5
BRDA:107,7,0,3
BRDA:107,7,1,0
BRDA:109,8,0,1
BRDA:109,8,1,2
BRDA:110,9,0,1
BRDA:110,9,1,1
BRDA:116,10,0,0
BRDA:116,10,1,1
BRDA:125,11,0,1
BRDA:125,11,1,1
BRDA:182,12,0,1
BRDA:182,12,1,1
BRDA:203,13,0,3
BRDA:203,13,1,1
BRDA:204,14,0,1
BRDA:204,14,1,2
BRDA:209,15,0,0
BRDA:209,15,1,2
BRF:30
BRH:25
end_of_record
TN:
SF:C:\Users\Rushabh\CoinFlip_2.0\blockchain\contracts\Errors.sol
FNF:0
FNH:0
LF:0
LH:0
BRF:0
BRH:0
end_of_record
TN:
SF:C:\Users\Rushabh\CoinFlip_2.0\blockchain\contracts\mocks\CoinFlipHelper.sol
FN:11,constructor
FN:13,testFulfillRandomWords
FNF:2
FNH:2
FNDA:1,constructor
FNDA:2,testFulfillRandomWords
DA:14,2
LF:1
LH:1
BRF:0
BRH:0
end_of_record
TN:
SF:C:\Users\Rushabh\CoinFlip_2.0\blockchain\contracts\mocks\VRFCoordinatorMock.sol
FN:34,requestRandomWords
FN:68,fulfillRandomWords
FN:84,_fromBytes
FNF:3
FNH:3
FNDA:5,requestRandomWords
FNDA:2,fulfillRandomWords
FNDA:5,_fromBytes
DA:35,5
DA:36,5
DA:38,5
DA:45,5
DA:47,5
DA:54,5
DA:65,5
DA:70,2
DA:71,2
DA:73,2
DA:76,2
DA:78,2
DA:85,5
LF:13
LH:13
BRDA:76,1,0,0
BRDA:76,1,1,2
BRF:2
BRH:1
end_of_record
